c:\users\felix\documents\github\p02_pokeprof\projets2_1\debug\vc141.pdb
c:\users\felix\documents\github\p02_pokeprof\projets2_1\debug\moc_fenetreprincipal.obj
c:\users\felix\documents\github\p02_pokeprof\projets2_1\debug\moc_fenetreoption.obj
c:\users\felix\documents\github\p02_pokeprof\projets2_1\debug\moc_fenetrecombat.obj
c:\users\felix\documents\github\p02_pokeprof\projets2_1\debug\moc_fenetrechoix.obj
c:\users\felix\documents\github\p02_pokeprof\projets2_1\debug\terrain.obj
c:\users\felix\documents\github\p02_pokeprof\projets2_1\debug\sortexample1.obj
c:\users\felix\documents\github\p02_pokeprof\projets2_1\debug\sort.obj
c:\users\felix\documents\github\p02_pokeprof\projets2_1\debug\profexample1.obj
c:\users\felix\documents\github\p02_pokeprof\projets2_1\debug\prof.obj
c:\users\felix\documents\github\p02_pokeprof\projets2_1\debug\main.obj
c:\users\felix\documents\github\p02_pokeprof\projets2_1\debug\fenetreprincipal.obj
c:\users\felix\documents\github\p02_pokeprof\projets2_1\debug\fenetreoption.obj
c:\users\felix\documents\github\p02_pokeprof\projets2_1\debug\fenetrecombat.obj
c:\users\felix\documents\github\p02_pokeprof\projets2_1\debug\fenetrechoix.obj
c:\users\felix\documents\github\p02_pokeprof\projets2_1\debug\combat.obj
c:\users\felix\documents\github\p02_pokeprof\projets2_1\debug\moc_predefs.h
c:\users\felix\documents\github\p02_pokeprof\projets2_1\debug\moc_fenetrechoix.cpp
c:\users\felix\documents\github\p02_pokeprof\projets2_1\debug\moc_fenetrecombat.cpp
c:\users\felix\documents\github\p02_pokeprof\projets2_1\debug\moc_fenetreprincipal.cpp
c:\users\felix\documents\github\p02_pokeprof\projets2_1\debug\moc_fenetreoption.cpp
c:\users\felix\documents\github\p02_pokeprof\projets2_1\debug\projets2_1.ilk
c:\users\felix\documents\github\p02_pokeprof\projets2_1\debug\projets2_1.exe
c:\users\felix\documents\github\p02_pokeprof\projets2_1\debug\projets2_1.pdb
c:\users\felix\documents\github\p02_pokeprof\projets2_1\debug\projets2_1.tlog\cl.command.1.tlog
c:\users\felix\documents\github\p02_pokeprof\projets2_1\debug\projets2_1.tlog\cl.read.1.tlog
c:\users\felix\documents\github\p02_pokeprof\projets2_1\debug\projets2_1.tlog\cl.write.1.tlog
c:\users\felix\documents\github\p02_pokeprof\projets2_1\debug\projets2_1.tlog\custombuild.command.1.tlog
c:\users\felix\documents\github\p02_pokeprof\projets2_1\debug\projets2_1.tlog\custombuild.read.1.tlog
c:\users\felix\documents\github\p02_pokeprof\projets2_1\debug\projets2_1.tlog\custombuild.write.1.tlog
c:\users\felix\documents\github\p02_pokeprof\projets2_1\debug\projets2_1.tlog\link.command.1.tlog
c:\users\felix\documents\github\p02_pokeprof\projets2_1\debug\projets2_1.tlog\link.read.1.tlog
c:\users\felix\documents\github\p02_pokeprof\projets2_1\debug\projets2_1.tlog\link.write.1.tlog
